Solid Edge Translation to STL
Date: Wednesday,December 02,2020 09:45PM
Source File:H:\Projects\Microscope1.0\Microscope\3Dprint Parts\4_Manipulator_SlideHolder_X.par
Source System: SOLID EDGE

Hardware:
Processor: Intel(R) Core(TM) i5-9400 CPU @ 2.90GHz
Operating System: Windows 10 Professional
Installed Memory: 7.86 GB

Software Information:
Parasolid Version: 31.1.255
PSBodyshop Version: 31.1.110
Solid Edge Version: 220.00.00.104 x64

STL Export Options:
Output File Format:BINARY
Export Displayed Parts:Off
structureOption: Monolithic
Export Units:Millimeter
Export Tolerance Value:0.001000
Export Tolerance Type:Fine
Export Surface Plane Angle Value:0.523599

Translation progress:
Phase 1 of 2 Fetching Parasolid information...
Phase 2 of 2 Translating Parasolid to foreign data types...
Number of STL file Created : 1
Translation process completed
Time required to translate:00 : 00 : 00
